<?xml version="1.0" encoding="UTF-8"?>
<testng-results skipped="0" failed="0" ignored="0" total="1" passed="1">
  <reporter-output>
  </reporter-output>
  <suite name="Default suite" duration-ms="5026" started-at="2021-10-23T21:49:07 CDT" finished-at="2021-10-23T21:49:12 CDT">
    <groups>
    </groups>
    <test name="Default test" duration-ms="5026" started-at="2021-10-23T21:49:07 CDT" finished-at="2021-10-23T21:49:12 CDT">
      <class name="test.DueDateDropdownTest">
        <test-method status="PASS" signature="validateMonthsinDueDateDropdown()[pri:0, instance:test.DueDateDropdownTest@7a187f14]" name="validateMonthsinDueDateDropdown" duration-ms="4975" started-at="2021-10-23T21:49:07 CDT" finished-at="2021-10-23T21:49:12 CDT">
          <reporter-output>
          </reporter-output>
        </test-method> <!-- validateMonthsinDueDateDropdown -->
      </class> <!-- test.DueDateDropdownTest -->
    </test> <!-- Default test -->
  </suite> <!-- Default suite -->
</testng-results>
